<?xml version="1.0" encoding="UTF-8"?>
<testng-results ignored="2" total="4" passed="1" failed="1" skipped="0">
  <reporter-output>
    <line>
      <![CDATA[<li style="color:#0000FF"> FAILED </li>]]>
    </line>
  </reporter-output>
  <suite started-at="2025-08-05T11:41:50 IST" name="AOB Test Suite" finished-at="2025-08-05T11:42:51 IST" duration-ms="60711">
    <groups>
    </groups>
    <test started-at="2025-08-05T11:41:50 IST" name="Verify Sales User RRA Request" finished-at="2025-08-05T11:42:51 IST" duration-ms="60711">
      <class name="testCases.LoginTest">
        <test-method is-config="true" signature="init(java.lang.String, java.lang.String, java.lang.String, java.lang.String, java.lang.String)[pri:0, instance:testCases.LoginTest@435e416c]" started-at="2025-08-05T11:41:50 IST" name="init" finished-at="2025-08-05T11:42:01 IST" duration-ms="11443" status="PASS">
          <params>
            <param index="0">
              <value>
                <![CDATA[QA]]>
              </value>
            </param>
            <param index="1">
              <value>
                <![CDATA[Chrome]]>
              </value>
            </param>
            <param index="2">
              <value>
                <![CDATA[]]>
              </value>
            </param>
            <param index="3">
              <value>
                <![CDATA[Regression]]>
              </value>
            </param>
            <param index="4">
              <value>
                <![CDATA[UI]]>
              </value>
            </param>
          </params>
          <reporter-output>
          </reporter-output>
        </test-method> <!-- init -->
        <test-method signature="LoginTC(java.lang.String, java.lang.String, java.lang.String)[pri:0, instance:testCases.LoginTest@435e416c]" started-at="2025-08-05T11:42:02 IST" name="LoginTC" finished-at="2025-08-05T11:42:14 IST" duration-ms="12715" status="PASS">
          <params>
            <param index="0">
              <value>
                <![CDATA[Chrome]]>
              </value>
            </param>
            <param index="1">
              <value>
                <![CDATA[sneh.Solanki@rishabhsoft.com]]>
              </value>
            </param>
            <param index="2">
              <value>
                <![CDATA[Ss@082025]]>
              </value>
            </param>
          </params>
          <reporter-output>
          </reporter-output>
        </test-method> <!-- LoginTC -->
        <test-method is-config="true" signature="tearDown()[pri:0, instance:testCases.LoginTest@435e416c]" started-at="2025-08-05T11:42:49 IST" name="tearDown" finished-at="2025-08-05T11:42:51 IST" duration-ms="1601" status="PASS">
          <reporter-output>
          </reporter-output>
        </test-method> <!-- tearDown -->
      </class> <!-- testCases.LoginTest -->
      <class name="testCases.VerifySalesUserInitiateRRARequest">
        <test-method signature="verifySalesUserInitiateRRARequest(java.lang.String)[pri:0, instance:testCases.VerifySalesUserInitiateRRARequest@355ce6a6]" started-at="2025-08-05T11:42:14 IST" name="verifySalesUserInitiateRRARequest" description="Verify Sales user can initiate Resource Request Allocation" finished-at="2025-08-05T11:42:49 IST" duration-ms="34606" status="FAIL">
          <params>
            <param index="0">
              <value>
                <![CDATA[IntelliCare AI Health Risk Model]]>
              </value>
            </param>
          </params>
          <exception class="java.lang.AssertionError">
            <message>
              <![CDATA[Exception occurred while handling Opportunity ID 'IntelliCare AI Health Risk Model': no such element: Unable to locate element: {"method":"xpath","selector":"//td[contains(text(),'IntelliCare AI Health Risk Model')]//ancestor::tr//span[text()='Request Resource Allocation']"}
  (Session info: chrome=138.0.7204.184)
For documentation on this error, please visit: https://www.selenium.dev/documentation/webdriver/troubleshooting/errors#no-such-element-exception
Build info: version: '4.11.0', revision: '040bc5406b'
System info: os.name: 'Windows 11', os.arch: 'amd64', os.version: '10.0', java.version: '21.0.7'
Driver info: org.openqa.selenium.chrome.ChromeDriver
Command: [f3170dea3de31b3830d35ff7ce2d280e, findElement {using=xpath, value=//td[contains(text(),'IntelliCare AI Health Risk Model')]//ancestor::tr//span[text()='Request Resource Allocation']}]
Capabilities {acceptInsecureCerts: false, browserName: chrome, browserVersion: 138.0.7204.184, chrome: {chromedriverVersion: 138.0.7204.183 (e90faf484dd..., userDataDir: C:\Users\KALPES~1.DEO\AppDa...}, fedcm:accounts: true, goog:chromeOptions: {debuggerAddress: localhost:61708}, networkConnectionEnabled: false, pageLoadStrategy: normal, platformName: windows, proxy: Proxy(), se:cdp: ws://localhost:61708/devtoo..., se:cdpVersion: 138.0.7204.184, setWindowRect: true, strictFileInteractability: false, timeouts: {implicit: 0, pageLoad: 300000, script: 30000}, unhandledPromptBehavior: dismiss and notify, webauthn:extension:credBlob: true, webauthn:extension:largeBlob: true, webauthn:extension:minPinLength: true, webauthn:extension:prf: true, webauthn:virtualAuthenticators: true}
Session ID: f3170dea3de31b3830d35ff7ce2d280e]]>
            </message>
            <full-stacktrace>
              <![CDATA[java.lang.AssertionError: Exception occurred while handling Opportunity ID 'IntelliCare AI Health Risk Model': no such element: Unable to locate element: {"method":"xpath","selector":"//td[contains(text(),'IntelliCare AI Health Risk Model')]//ancestor::tr//span[text()='Request Resource Allocation']"}
  (Session info: chrome=138.0.7204.184)
For documentation on this error, please visit: https://www.selenium.dev/documentation/webdriver/troubleshooting/errors#no-such-element-exception
Build info: version: '4.11.0', revision: '040bc5406b'
System info: os.name: 'Windows 11', os.arch: 'amd64', os.version: '10.0', java.version: '21.0.7'
Driver info: org.openqa.selenium.chrome.ChromeDriver
Command: [f3170dea3de31b3830d35ff7ce2d280e, findElement {using=xpath, value=//td[contains(text(),'IntelliCare AI Health Risk Model')]//ancestor::tr//span[text()='Request Resource Allocation']}]
Capabilities {acceptInsecureCerts: false, browserName: chrome, browserVersion: 138.0.7204.184, chrome: {chromedriverVersion: 138.0.7204.183 (e90faf484dd..., userDataDir: C:\Users\KALPES~1.DEO\AppDa...}, fedcm:accounts: true, goog:chromeOptions: {debuggerAddress: localhost:61708}, networkConnectionEnabled: false, pageLoadStrategy: normal, platformName: windows, proxy: Proxy(), se:cdp: ws://localhost:61708/devtoo..., se:cdpVersion: 138.0.7204.184, setWindowRect: true, strictFileInteractability: false, timeouts: {implicit: 0, pageLoad: 300000, script: 30000}, unhandledPromptBehavior: dismiss and notify, webauthn:extension:credBlob: true, webauthn:extension:largeBlob: true, webauthn:extension:minPinLength: true, webauthn:extension:prf: true, webauthn:virtualAuthenticators: true}
Session ID: f3170dea3de31b3830d35ff7ce2d280e
at org.testng.Assert.fail(Assert.java:97)
at businesslogic.OpportunityTrackerBL.verifyOppoIDAndClickRequestAllocation(OpportunityTrackerBL.java:117)
at testCases.VerifySalesUserInitiateRRARequest.verifySalesUserInitiateRRARequest(VerifySalesUserInitiateRRARequest.java:43)
at java.base/jdk.internal.reflect.DirectMethodHandleAccessor.invoke(DirectMethodHandleAccessor.java:103)
at java.base/java.lang.reflect.Method.invoke(Method.java:580)
at org.testng.internal.MethodInvocationHelper.invokeMethod(MethodInvocationHelper.java:134)
at org.testng.internal.TestInvoker.invokeMethod(TestInvoker.java:597)
at org.testng.internal.TestInvoker.invokeTestMethod(TestInvoker.java:173)
at org.testng.internal.MethodRunner.runInSequence(MethodRunner.java:46)
at org.testng.internal.TestInvoker$MethodInvocationAgent.invoke(TestInvoker.java:816)
at org.testng.internal.TestInvoker.invokeTestMethods(TestInvoker.java:146)
at org.testng.internal.TestMethodWorker.invokeTestMethods(TestMethodWorker.java:146)
at org.testng.internal.TestMethodWorker.run(TestMethodWorker.java:128)
at java.base/java.util.ArrayList.forEach(ArrayList.java:1596)
at org.testng.TestRunner.privateRun(TestRunner.java:766)
at org.testng.TestRunner.run(TestRunner.java:587)
at org.testng.SuiteRunner.runTest(SuiteRunner.java:384)
at org.testng.SuiteRunner.runSequentially(SuiteRunner.java:378)
at org.testng.SuiteRunner.privateRun(SuiteRunner.java:337)
at org.testng.SuiteRunner.run(SuiteRunner.java:286)
at org.testng.SuiteRunnerWorker.runSuite(SuiteRunnerWorker.java:53)
at org.testng.SuiteRunnerWorker.run(SuiteRunnerWorker.java:96)
at org.testng.TestNG.runSuitesSequentially(TestNG.java:1187)
at org.testng.TestNG.runSuitesLocally(TestNG.java:1109)
at org.testng.TestNG.runSuites(TestNG.java:1039)
at org.testng.TestNG.run(TestNG.java:1007)
at org.apache.maven.surefire.testng.TestNGExecutor.run(TestNGExecutor.java:308)
at org.apache.maven.surefire.testng.TestNGXmlTestSuite.execute(TestNGXmlTestSuite.java:71)
at org.apache.maven.surefire.testng.TestNGProvider.invoke(TestNGProvider.java:113)
at org.apache.maven.surefire.booter.ForkedBooter.runSuitesInProcess(ForkedBooter.java:385)
at org.apache.maven.surefire.booter.ForkedBooter.execute(ForkedBooter.java:162)
at org.apache.maven.surefire.booter.ForkedBooter.run(ForkedBooter.java:507)
at org.apache.maven.surefire.booter.ForkedBooter.main(ForkedBooter.java:495)
]]>
            </full-stacktrace>
          </exception> <!-- java.lang.AssertionError -->
          <reporter-output>
            <line>
              <![CDATA[<li style="color:#0000FF"> FAILED </li>]]>
            </line>
          </reporter-output>
        </test-method> <!-- verifySalesUserInitiateRRARequest -->
      </class> <!-- testCases.VerifySalesUserInitiateRRARequest -->
    </test> <!-- Verify Sales User RRA Request -->
  </suite> <!-- AOB Test Suite -->
</testng-results>
